<?xml version="1.0" encoding="UTF-8"?>
<coverage generated="1705783970429" clover="3.2.0">
  <project timestamp="1705783970429" name="All files">
    <metrics statements="16" coveredstatements="16" conditionals="0" coveredconditionals="0" methods="4" coveredmethods="4" elements="20" coveredelements="20" complexity="0" loc="16" ncloc="16" packages="2" files="2" classes="2"/>
    <package name="db">
      <metrics statements="13" coveredstatements="13" conditionals="0" coveredconditionals="0" methods="4" coveredmethods="4"/>
      <file name="db.js" path="/home/channoufisaber/dossSaber/00000000000000000000000000/[000000000000000000/Udemy_NodeJS_Express_Full_Stack_Bootcamp_2023_w_testing_swagger_2023-1_Downloadly.ir/Udemy - NodeJS Express Full Stack Bootcamp 2023 w testing, swagger 2023-1/2 - Lets Get Started with coding the Backend/w/NodeJS_FS_Backend/db/db.js">
        <metrics statements="13" coveredstatements="13" conditionals="0" coveredconditionals="0" methods="4" coveredmethods="4"/>
        <line num="1" count="1" type="stmt"/>
        <line num="2" count="1" type="stmt"/>
        <line num="3" count="1" type="stmt"/>
        <line num="8" count="1" type="stmt"/>
        <line num="9" count="1" type="stmt"/>
        <line num="10" count="1" type="stmt"/>
        <line num="15" count="1" type="stmt"/>
        <line num="16" count="1" type="stmt"/>
        <line num="19" count="1" type="stmt"/>
        <line num="20" count="1" type="stmt"/>
        <line num="23" count="1" type="stmt"/>
        <line num="24" count="1" type="stmt"/>
        <line num="27" count="1" type="stmt"/>
      </file>
    </package>
    <package name="models">
      <metrics statements="3" coveredstatements="3" conditionals="0" coveredconditionals="0" methods="0" coveredmethods="0"/>
      <file name="userModel.js" path="/home/channoufisaber/dossSaber/00000000000000000000000000/[000000000000000000/Udemy_NodeJS_Express_Full_Stack_Bootcamp_2023_w_testing_swagger_2023-1_Downloadly.ir/Udemy - NodeJS Express Full Stack Bootcamp 2023 w testing, swagger 2023-1/2 - Lets Get Started with coding the Backend/w/NodeJS_FS_Backend/models/userModel.js">
        <metrics statements="3" coveredstatements="3" conditionals="0" coveredconditionals="0" methods="0" coveredmethods="0"/>
        <line num="1" count="1" type="stmt"/>
        <line num="4" count="1" type="stmt"/>
        <line num="41" count="1" type="stmt"/>
      </file>
    </package>
  </project>
</coverage>
