{"/home/channoufisaber/dossSaber/00000000000000000000000000/[000000000000000000/Udemy_NodeJS_Express_Full_Stack_Bootcamp_2023_w_testing_swagger_2023-1_Downloadly.ir/Udemy - NodeJS Express Full Stack Bootcamp 2023 w testing, swagger 2023-1/2 - Lets Get Started with coding the Backend/w/NodeJS_FS_Backend/db/db.js": {"path":"/home/channoufisaber/dossSaber/00000000000000000000000000/[000000000000000000/Udemy_NodeJS_Express_Full_Stack_Bootcamp_2023_w_testing_swagger_2023-1_Downloadly.ir/Udemy - NodeJS Express Full Stack Bootcamp 2023 w testing, swagger 2023-1/2 - Lets Get Started with coding the Backend/w/NodeJS_FS_Backend/db/db.js","statementMap":{"0":{"start":{"line":1,"column":0},"end":{"line":1,"column":27}},"1":{"start":{"line":2,"column":17},"end":{"line":2,"column":36}},"2":{"start":{"line":3,"column":13},"end":{"line":3,"column":43}},"3":{"start":{"line":8,"column":14},"end":{"line":11,"column":1}},"4":{"start":{"line":9,"column":1},"end":{"line":9,"column":42}},"5":{"start":{"line":10,"column":1},"end":{"line":10,"column":43}},"6":{"start":{"line":15,"column":19},"end":{"line":17,"column":1}},"7":{"start":{"line":16,"column":2},"end":{"line":16,"column":36}},"8":{"start":{"line":19,"column":15},"end":{"line":21,"column":1}},"9":{"start":{"line":20,"column":1},"end":{"line":20,"column":33}},"10":{"start":{"line":23,"column":15},"end":{"line":25,"column":1}},"11":{"start":{"line":24,"column":1},"end":{"line":24,"column":29}},"12":{"start":{"line":27,"column":0},"end":{"line":27,"column":54}}},"fnMap":{"0":{"name":"(anonymous_0)","decl":{"start":{"line":8,"column":14},"end":{"line":8,"column":15}},"loc":{"start":{"line":8,"column":24},"end":{"line":11,"column":1}},"line":8},"1":{"name":"(anonymous_1)","decl":{"start":{"line":15,"column":19},"end":{"line":15,"column":20}},"loc":{"start":{"line":15,"column":31},"end":{"line":17,"column":1}},"line":15},"2":{"name":"(anonymous_2)","decl":{"start":{"line":19,"column":15},"end":{"line":19,"column":16}},"loc":{"start":{"line":19,"column":27},"end":{"line":21,"column":1}},"line":19},"3":{"name":"(anonymous_3)","decl":{"start":{"line":23,"column":15},"end":{"line":23,"column":16}},"loc":{"start":{"line":23,"column":31},"end":{"line":25,"column":1}},"line":23}},"branchMap":{},"s":{"0":1,"1":1,"2":1,"3":1,"4":1,"5":1,"6":1,"7":1,"8":1,"9":1,"10":1,"11":1,"12":1},"f":{"0":1,"1":1,"2":1,"3":1},"b":{},"_coverageSchema":"1a1c01bbd47fc00a2c39e90264f33305004495a9","hash":"1cc287c0cfd590f64e8179dd9e9458d7cfe53720"}
,"/home/channoufisaber/dossSaber/00000000000000000000000000/[000000000000000000/Udemy_NodeJS_Express_Full_Stack_Bootcamp_2023_w_testing_swagger_2023-1_Downloadly.ir/Udemy - NodeJS Express Full Stack Bootcamp 2023 w testing, swagger 2023-1/2 - Lets Get Started with coding the Backend/w/NodeJS_FS_Backend/models/userModel.js": {"path":"/home/channoufisaber/dossSaber/00000000000000000000000000/[000000000000000000/Udemy_NodeJS_Express_Full_Stack_Bootcamp_2023_w_testing_swagger_2023-1_Downloadly.ir/Udemy - NodeJS Express Full Stack Bootcamp 2023 w testing, swagger 2023-1/2 - Lets Get Started with coding the Backend/w/NodeJS_FS_Backend/models/userModel.js","statementMap":{"0":{"start":{"line":1,"column":15},"end":{"line":1,"column":34}},"1":{"start":{"line":4,"column":17},"end":{"line":39,"column":2}},"2":{"start":{"line":41,"column":0},"end":{"line":41,"column":49}}},"fnMap":{},"branchMap":{},"s":{"0":1,"1":1,"2":1},"f":{},"b":{},"_coverageSchema":"1a1c01bbd47fc00a2c39e90264f33305004495a9","hash":"5e7e491b4293677a9fdb0278694bd0c11daa470b"}
}
